TN:
SF:index.js
FN:12,(anonymous_0)
FNF:1
FNH:1
FNDA:1,(anonymous_0)
DA:1,1
DA:2,1
DA:3,1
DA:4,1
DA:6,1
DA:7,1
DA:9,1
DA:11,1
DA:12,1
DA:13,1
DA:16,1
LF:11
LH:11
BRDA:11,0,0,1
BRDA:11,0,1,0
BRF:2
BRH:1
end_of_record
TN:
SF:controllers/indexApiController.js
FN:4,(anonymous_0)
FN:7,(anonymous_1)
FNF:2
FNH:0
FNDA:0,(anonymous_0)
FNDA:0,(anonymous_1)
DA:1,1
DA:2,1
DA:4,1
DA:5,0
DA:6,0
DA:7,0
DA:8,0
DA:12,0
DA:15,1
LF:9
LH:4
BRF:0
BRH:0
end_of_record
TN:
SF:controllers/locationController.js
FN:3,(anonymous_0)
FNF:1
FNH:1
FNDA:1,(anonymous_0)
DA:1,1
DA:3,1
DA:4,1
DA:6,1
DA:7,1
DA:8,1
DA:9,1
DA:14,1
DA:16,0
DA:20,1
LF:10
LH:9
BRF:0
BRH:0
end_of_record
TN:
SF:controllers/weatherController.js
FN:7,(anonymous_0)
FN:31,(anonymous_1)
FNF:2
FNH:2
FNDA:2,(anonymous_0)
FNDA:1,(anonymous_1)
DA:5,1
DA:7,1
DA:8,2
DA:9,2
DA:11,2
DA:12,1
DA:13,1
DA:14,1
DA:15,1
DA:17,0
DA:18,0
DA:21,2
DA:22,2
DA:24,2
DA:26,1
DA:31,1
DA:32,1
DA:33,1
DA:34,1
DA:35,1
DA:36,1
DA:37,1
DA:38,1
DA:39,1
DA:41,0
DA:42,0
DA:45,1
DA:46,1
DA:48,0
DA:50,0
DA:55,1
LF:31
LH:25
BRDA:11,0,0,1
BRDA:11,0,1,1
BRDA:35,1,0,1
BRDA:35,1,1,0
BRF:4
BRH:3
end_of_record
TN:
SF:routes/index.js
FN:10,(anonymous_0)
FN:11,(anonymous_1)
FN:15,(anonymous_2)
FNF:3
FNH:1
FNDA:1,(anonymous_0)
FNDA:0,(anonymous_1)
FNDA:0,(anonymous_2)
DA:1,1
DA:2,1
DA:3,1
DA:4,1
DA:8,1
DA:10,1
DA:11,1
DA:12,0
DA:15,1
DA:16,0
DA:17,0
DA:18,0
DA:21,1
DA:23,1
DA:25,1
DA:27,1
LF:16
LH:12
BRF:0
BRH:0
end_of_record
TN:
SF:services/functions.js
FN:6,getIpData
FN:15,getWetherDay
FN:25,getForecast
FN:36,getCodes
FN:37,(anonymous_4)
FNF:5
FNH:3
FNDA:4,getIpData
FNDA:3,getWetherDay
FNDA:2,getForecast
FNDA:0,getCodes
FNDA:0,(anonymous_4)
DA:1,1
DA:2,1
DA:4,1
DA:7,4
DA:8,4
DA:9,4
DA:11,0
DA:16,3
DA:17,3
DA:20,3
DA:22,0
DA:26,2
DA:27,2
DA:30,1
DA:32,0
DA:37,0
DA:38,0
DA:39,0
DA:41,0
DA:46,1
LF:20
LH:13
BRDA:38,0,0,0
BRDA:38,0,1,0
BRF:2
BRH:0
end_of_record
